Start testing: Jul 02 05:30 BST
----------------------------------------------------------
Failed to change working directory to /mnt/c/Users/OBINexus/Projects/github/rift-poc/rift-0/build/tests/unit : No such file or directory
1/4 Testing: test_tokenizer_validation
1/4 Test: test_tokenizer_validation
Command: ""
Directory: /mnt/c/Users/OBINexus/Projects/github/rift-poc/rift-0/build/tests/unit
"test_tokenizer_validation" start time: 
Output:
----------------------------------------------------------
<end of output>
Test time =   0.00 sec
----------------------------------------------------------
Test Passed.
"test_tokenizer_validation" end time: Jul 02 05:30 BST
"test_tokenizer_validation" time elapsed: 00:00:00
----------------------------------------------------------

Failed to change working directory to /mnt/c/Users/OBINexus/Projects/github/rift-poc/rift-0/build/tests/unit : No such file or directory
2/4 Testing: test_tokenizer
2/4 Test: test_tokenizer
Command: ""
Directory: /mnt/c/Users/OBINexus/Projects/github/rift-poc/rift-0/build/tests/unit
"test_tokenizer" start time: 
Output:
----------------------------------------------------------
<end of output>
Test time =   0.00 sec
----------------------------------------------------------
Test Passed.
"test_tokenizer" end time: Jul 02 05:30 BST
"test_tokenizer" time elapsed: 00:00:00
----------------------------------------------------------

Failed to change working directory to /mnt/c/Users/OBINexus/Projects/github/rift-poc/rift-0/build/tests/unit : No such file or directory
3/4 Testing: test_policy2_matrix
3/4 Test: test_policy2_matrix
Command: ""
Directory: /mnt/c/Users/OBINexus/Projects/github/rift-poc/rift-0/build/tests/unit
"test_policy2_matrix" start time: 
Output:
----------------------------------------------------------
<end of output>
Test time =   0.00 sec
----------------------------------------------------------
Test Passed.
"test_policy2_matrix" end time: Jul 02 05:30 BST
"test_policy2_matrix" time elapsed: 00:00:00
----------------------------------------------------------

4/4 Testing: aegis_compliance_check
4/4 Test: aegis_compliance_check
Command: "/usr/bin/cmake" "-E" "echo" "AEGIS Compliance Validation Passed"
Directory: /mnt/c/Users/OBINexus/Projects/github/rift-poc/rift-0/build
"aegis_compliance_check" start time: Jul 02 05:30 BST
Output:
----------------------------------------------------------
AEGIS Compliance Validation Passed
<end of output>
Test time =   0.01 sec
----------------------------------------------------------
Test Pass Reason:
Required regular expression found. Regex=[Passed]
"aegis_compliance_check" end time: Jul 02 05:30 BST
"aegis_compliance_check" time elapsed: 00:00:00
----------------------------------------------------------

End testing: Jul 02 05:30 BST

AEGIS =   0.01 sec*proc

Compliance =   0.01 sec*proc

